\BOOKMARK [0][-]{chapter.1}{\376\377\000K\000o\000p\000i\000e\000\040\000z\000a\000p\000a\000s\000o\000w\000e\000\040\000i\000\040\000o\000d\000z\000y\000s\000k\000i\000w\000a\000n\000i\000e\000\040\000d\000a\000n\000y\000c\000h\000\040\000w\000\040\000P\000o\000s\000t\000g\000r\000e\000S\000Q\000L}{}% 1
\BOOKMARK [1][-]{section.1.1}{\376\377\000W\000p\000r\000o\000w\000a\000d\000z\000e\000n\000i\000e}{chapter.1}% 2
\BOOKMARK [1][-]{section.1.2}{\376\377\000M\000e\000c\000h\000a\000n\000i\000z\000m\000y\000\040\000w\000b\000u\000d\000o\000w\000a\000n\000e\000\040\000d\000o\000\040\000t\000w\000o\000r\000z\000e\000n\000i\000a\000\040\000k\000o\000p\000i\000i\000\040\000z\000a\000p\000a\000s\000o\000w\000y\000c\000h\000\040\000c\000a\001\102\000e\000g\000o\000\040\000s\000y\000s\000t\000e\000m\000u\000\040\000P\000o\000s\000t\000g\000r\000e\000S\000Q\000L}{chapter.1}% 3
\BOOKMARK [2][-]{subsection.1.2.1}{\376\377\000p\000g\000\137\000b\000a\000s\000e\000b\000a\000c\000k\000u\000p}{section.1.2}% 4
\BOOKMARK [2][-]{subsection.1.2.2}{\376\377\000C\000o\000n\000t\000i\000n\000u\000o\000u\000s\000\040\000A\000r\000c\000h\000i\000v\000i\000n\000g\000\040\000\050\000P\000o\000i\000n\000t\000-\000i\000n\000-\000T\000i\000m\000e\000\040\000R\000e\000c\000o\000v\000e\000r\000y\000\051}{section.1.2}% 5
\BOOKMARK [2][-]{subsection.1.2.3}{\376\377\000S\000t\000r\000e\000a\000m\000i\000n\000g\000\040\000R\000e\000p\000l\000i\000c\000a\000t\000i\000o\000n}{section.1.2}% 6
\BOOKMARK [2][-]{subsection.1.2.4}{\376\377\000F\000i\000l\000e\000\040\000S\000y\000s\000t\000e\000m\000\040\000L\000e\000v\000e\000l\000\040\000B\000a\000c\000k\000u\000p}{section.1.2}% 7
\BOOKMARK [1][-]{section.1.3}{\376\377\000M\000e\000c\000h\000a\000n\000i\000z\000m\000y\000\040\000w\000b\000u\000d\000o\000w\000a\000n\000e\000\040\000d\000o\000\040\000t\000w\000o\000r\000z\000e\000n\000i\000a\000\040\000k\000o\000p\000i\000i\000\040\000z\000a\000p\000a\000s\000o\000w\000y\000c\000h\000\040\000p\000o\000s\000z\000c\000z\000e\000g\000\363\000l\000n\000y\000c\000h\000\040\000b\000a\000z\000\040\000d\000a\000n\000y\000c\000h}{chapter.1}% 8
\BOOKMARK [2][-]{subsection.1.3.1}{\376\377\000p\000g\000\137\000d\000u\000m\000p}{section.1.3}% 9
\BOOKMARK [2][-]{subsection.1.3.2}{\376\377\000p\000g\000\137\000d\000u\000m\000p\000a\000l\000l}{section.1.3}% 10
\BOOKMARK [2][-]{subsection.1.3.3}{\376\377\000C\000O\000P\000Y\000\040\000c\000o\000m\000m\000a\000n\000d}{section.1.3}% 11
\BOOKMARK [2][-]{subsection.1.3.4}{\376\377\000p\000g\000\137\000d\000u\000m\000p\000\040\000z\000\040\000o\000p\000c\000j\000a\000m\000i\000\040\000s\000e\000l\000e\000k\000t\000y\000w\000n\000y\000m\000i}{section.1.3}% 12
\BOOKMARK [1][-]{section.1.4}{\376\377\000O\000d\000z\000y\000s\000k\000i\000w\000a\000n\000i\000e\000\040\000u\000s\000u\000n\000i\001\031\000t\000y\000c\000h\000\040\000l\000u\000b\000\040\000u\000s\000z\000k\000o\000d\000z\000o\000n\000y\000c\000h\000\040\000d\000a\000n\000y\000c\000h}{chapter.1}% 13
\BOOKMARK [2][-]{subsection.1.4.1}{\376\377\000O\000d\000z\000y\000s\000k\000i\000w\000a\000n\000i\000e\000\040\000z\000\040\000k\000o\000p\000i\000i\000\040\000l\000o\000g\000i\000c\000z\000n\000y\000c\000h}{section.1.4}% 14
\BOOKMARK [2][-]{subsection.1.4.2}{\376\377\000P\000o\000i\000n\000t\000-\000i\000n\000-\000T\000i\000m\000e\000\040\000R\000e\000c\000o\000v\000e\000r\000y\000\040\000\050\000P\000I\000T\000R\000\051}{section.1.4}% 15
\BOOKMARK [2][-]{subsection.1.4.3}{\376\377\000O\000d\000z\000y\000s\000k\000i\000w\000a\000n\000i\000e\000\040\000t\000a\000b\000e\000l\000\040\000z\000\040\000t\000a\000b\000l\000e\000s\000p\000a\000c\000e\000s}{section.1.4}% 16
\BOOKMARK [2][-]{subsection.1.4.4}{\376\377\000T\000r\000a\000n\000s\000a\000c\000t\000i\000o\000n\000\040\000l\000o\000g\000\040\000r\000e\000p\000l\000a\000y}{section.1.4}% 17
\BOOKMARK [2][-]{subsection.1.4.5}{\376\377\000O\000d\000z\000y\000s\000k\000i\000w\000a\000n\000i\000e\000\040\000n\000a\000\040\000p\000o\000z\000i\000o\000m\000i\000e\000\040\000k\000l\000a\000s\000t\000r\000a}{section.1.4}% 18
\BOOKMARK [1][-]{section.1.5}{\376\377\000D\000e\000d\000y\000k\000o\000w\000a\000n\000e\000\040\000o\000p\000r\000o\000g\000r\000a\000m\000o\000w\000a\000n\000i\000e\000\040\000i\000\040\000s\000k\000r\000y\000p\000t\000y\000\040\000z\000e\000w\000n\001\031\000t\000r\000z\000n\000e\000\040\000d\000o\000\040\000a\000u\000t\000o\000m\000a\000t\000y\000z\000a\000c\000j\000i}{chapter.1}% 19
\BOOKMARK [2][-]{subsection.1.5.1}{\376\377\000p\000g\000B\000a\000c\000k\000R\000e\000s\000t}{section.1.5}% 20
\BOOKMARK [2][-]{subsection.1.5.2}{\376\377\000B\000a\000r\000m\000a\000n\000\040\000\050\000B\000a\000c\000k\000u\000p\000\040\000a\000n\000d\000\040\000R\000e\000c\000o\000v\000e\000r\000y\000\040\000M\000a\000n\000a\000g\000e\000r\000\051}{section.1.5}% 21
\BOOKMARK [2][-]{subsection.1.5.3}{\376\377\000W\000A\000L\000-\000E\000\040\000i\000\040\000W\000A\000L\000-\000G}{section.1.5}% 22
\BOOKMARK [2][-]{subsection.1.5.4}{\376\377\000S\000k\000r\000y\000p\000t\000y\000\040\000s\000h\000e\000l\000l\000\040\000i\000\040\000c\000r\000o\000n\000\040\000j\000o\000b\000s}{section.1.5}% 23
\BOOKMARK [2][-]{subsection.1.5.5}{\376\377\000N\000a\000r\000z\001\031\000d\000z\000i\000a\000\040\000a\000u\000t\000o\000m\000a\000t\000y\000z\000a\000c\000j\000i\000\040\000i\000n\000f\000r\000a\000s\000t\000r\000u\000k\000t\000u\000r\000y}{section.1.5}% 24
\BOOKMARK [2][-]{subsection.1.5.6}{\376\377\000M\000o\000n\000i\000t\000o\000r\000i\000n\000g\000\040\000i\000\040\000a\000l\000e\000r\000t\000o\000w\000a\000n\000i\000e}{section.1.5}% 25
\BOOKMARK [1][-]{section.1.6}{\376\377\000P\000o\000d\000s\000u\000m\000o\000w\000a\000n\000i\000e}{chapter.1}% 26
\BOOKMARK [2][-]{subsection.1.6.1}{\376\377\000K\000l\000u\000c\000z\000o\000w\000e\000\040\000w\000n\000i\000o\000s\000k\000i}{section.1.6}% 27
\BOOKMARK [2][-]{subsection.1.6.2}{\376\377\000N\000a\000j\000w\000a\001\174\000n\000i\000e\000j\000s\000z\000e\000\040\000z\000a\000l\000e\000c\000e\000n\000i\000a}{section.1.6}% 28
\BOOKMARK [0][-]{chapter.2}{\376\377\000I\000n\000d\000e\000k\000s\000y\000\040\000i\000\040\000t\000a\000b\000e\000l\000e}{}% 29
